E:\gestureRec\Hog\Debug\Hog.pdb
E:\gestureRec\Hog\Hog\Debug\cl.command.1.tlog
E:\gestureRec\Hog\Hog\Debug\CL.read.1.tlog
E:\gestureRec\Hog\Hog\Debug\CL.write.1.tlog
E:\GESTUREREC\HOG\HOG\DEBUG\HOG.EXE.EMBED.MANIFEST
E:\GESTUREREC\HOG\HOG\DEBUG\HOG.EXE.EMBED.MANIFEST.RES
E:\gestureRec\Hog\Hog\Debug\Hog.exe.intermediate.manifest
E:\GESTUREREC\HOG\HOG\DEBUG\HOG.OBJ
E:\gestureRec\Hog\Hog\Debug\Hog.vcxprojResolveAssemblyReference.cache
E:\gestureRec\Hog\Hog\Debug\Hog.write.1.tlog
E:\gestureRec\Hog\Hog\Debug\Hog_manifest.rc
E:\GESTUREREC\HOG\HOG\DEBUG\HOGNO.OBJ
E:\gestureRec\Hog\Hog\Debug\link.1652.read.1.tlog
E:\gestureRec\Hog\Hog\Debug\link.1652.write.1.tlog
E:\gestureRec\Hog\Hog\Debug\link.1652-cvtres.read.1.tlog
E:\gestureRec\Hog\Hog\Debug\link.1652-cvtres.write.1.tlog
E:\gestureRec\Hog\Hog\Debug\link.2260.read.1.tlog
E:\gestureRec\Hog\Hog\Debug\link.2260.write.1.tlog
E:\gestureRec\Hog\Hog\Debug\link.2260-cvtres.read.1.tlog
E:\gestureRec\Hog\Hog\Debug\link.2260-cvtres.write.1.tlog
E:\gestureRec\Hog\Hog\Debug\link.2476.read.1.tlog
E:\gestureRec\Hog\Hog\Debug\link.2476.write.1.tlog
E:\gestureRec\Hog\Hog\Debug\link.2476-cvtres.read.1.tlog
E:\gestureRec\Hog\Hog\Debug\link.2476-cvtres.write.1.tlog
E:\gestureRec\Hog\Hog\Debug\link.2528.read.1.tlog
E:\gestureRec\Hog\Hog\Debug\link.2528.write.1.tlog
E:\gestureRec\Hog\Hog\Debug\link.2528-cvtres.read.1.tlog
E:\gestureRec\Hog\Hog\Debug\link.2528-cvtres.write.1.tlog
E:\gestureRec\Hog\Hog\Debug\link.264.read.1.tlog
E:\gestureRec\Hog\Hog\Debug\link.264.write.1.tlog
E:\gestureRec\Hog\Hog\Debug\link.264-cvtres.read.1.tlog
E:\gestureRec\Hog\Hog\Debug\link.264-cvtres.write.1.tlog
E:\gestureRec\Hog\Hog\Debug\link.3700.read.1.tlog
E:\gestureRec\Hog\Hog\Debug\link.3700.write.1.tlog
E:\gestureRec\Hog\Hog\Debug\link.3700-cvtres.read.1.tlog
E:\gestureRec\Hog\Hog\Debug\link.3700-cvtres.write.1.tlog
E:\gestureRec\Hog\Hog\Debug\link.4464.read.1.tlog
E:\gestureRec\Hog\Hog\Debug\link.4464.write.1.tlog
E:\gestureRec\Hog\Hog\Debug\link.4464-cvtres.read.1.tlog
E:\gestureRec\Hog\Hog\Debug\link.4464-cvtres.write.1.tlog
E:\gestureRec\Hog\Hog\Debug\link.4628.read.1.tlog
E:\gestureRec\Hog\Hog\Debug\link.4628.write.1.tlog
E:\gestureRec\Hog\Hog\Debug\link.4628-cvtres.read.1.tlog
E:\gestureRec\Hog\Hog\Debug\link.4628-cvtres.write.1.tlog
E:\gestureRec\Hog\Hog\Debug\link.5156.read.1.tlog
E:\gestureRec\Hog\Hog\Debug\link.5156.write.1.tlog
E:\gestureRec\Hog\Hog\Debug\link.5156-cvtres.read.1.tlog
E:\gestureRec\Hog\Hog\Debug\link.5156-cvtres.write.1.tlog
E:\gestureRec\Hog\Hog\Debug\link.5288.read.1.tlog
E:\gestureRec\Hog\Hog\Debug\link.5288.write.1.tlog
E:\gestureRec\Hog\Hog\Debug\link.5288-cvtres.read.1.tlog
E:\gestureRec\Hog\Hog\Debug\link.5288-cvtres.write.1.tlog
E:\gestureRec\Hog\Hog\Debug\link.5660.read.1.tlog
E:\gestureRec\Hog\Hog\Debug\link.5660.write.1.tlog
E:\gestureRec\Hog\Hog\Debug\link.5660-cvtres.read.1.tlog
E:\gestureRec\Hog\Hog\Debug\link.5660-cvtres.write.1.tlog
E:\gestureRec\Hog\Hog\Debug\link.5772.read.1.tlog
E:\gestureRec\Hog\Hog\Debug\link.5772.write.1.tlog
E:\gestureRec\Hog\Hog\Debug\link.5772-cvtres.read.1.tlog
E:\gestureRec\Hog\Hog\Debug\link.5772-cvtres.write.1.tlog
E:\gestureRec\Hog\Hog\Debug\link.5856.read.1.tlog
E:\gestureRec\Hog\Hog\Debug\link.5856.write.1.tlog
E:\gestureRec\Hog\Hog\Debug\link.5856-cvtres.read.1.tlog
E:\gestureRec\Hog\Hog\Debug\link.5856-cvtres.write.1.tlog
E:\gestureRec\Hog\Hog\Debug\link.5960.read.1.tlog
E:\gestureRec\Hog\Hog\Debug\link.5960.write.1.tlog
E:\gestureRec\Hog\Hog\Debug\link.5960-cvtres.read.1.tlog
E:\gestureRec\Hog\Hog\Debug\link.5960-cvtres.write.1.tlog
E:\gestureRec\Hog\Hog\Debug\link.command.1.tlog
E:\gestureRec\Hog\Hog\Debug\link.read.1.tlog
E:\gestureRec\Hog\Hog\Debug\link.write.1.tlog
E:\gestureRec\Hog\Hog\Debug\link-cvtres.read.1.tlog
E:\gestureRec\Hog\Hog\Debug\link-cvtres.write.1.tlog
E:\GESTUREREC\HOG\HOG\DEBUG\MAIN.OBJ
E:\gestureRec\Hog\Hog\Debug\mt.command.1.tlog
E:\gestureRec\Hog\Hog\Debug\mt.read.1.tlog
E:\gestureRec\Hog\Hog\Debug\mt.write.1.tlog
E:\gestureRec\Hog\Hog\Debug\rc.command.1.tlog
E:\gestureRec\Hog\Hog\Debug\rc.read.1.tlog
E:\gestureRec\Hog\Hog\Debug\rc.write.1.tlog
E:\GESTUREREC\HOG\HOG\DEBUG\SVM.OBJ
E:\gestureRec\Hog\Hog\Debug\vc100.idb
E:\GESTUREREC\HOG\HOG\DEBUG\VC100.PDB
